[0330/164952.210:ERROR:file_io.cc(89)] ReadExactly: expected 36, observed 0
[0402/105239.968:ERROR:process_memory_win.cc(73)] ReadMemory at 0x7ff70c140000 of 64 bytes failed: Only part of a ReadProcessMemory or WriteProcessMemory request was completed. (0x12B)
[0402/105239.988:WARNING:pe_image_reader.cc(340)] could not read dos header from C:\Program Files (x86)\Google\Chrome\Application\chrome.exe
[0402/105239.988:ERROR:process_memory_win.cc(73)] ReadMemory at 0x7ff948660000 of 64 bytes failed: Only part of a ReadProcessMemory or WriteProcessMemory request was completed. (0x12B)
[0402/105239.988:WARNING:pe_image_reader.cc(340)] could not read dos header from C:\WINDOWS\SYSTEM32\ntdll.dll
[0402/105239.988:ERROR:process_memory_win.cc(73)] ReadMemory at 0x7ff9476d0000 of 64 bytes failed: Only part of a ReadProcessMemory or WriteProcessMemory request was completed. (0x12B)
[0402/105239.988:WARNING:pe_image_reader.cc(340)] could not read dos header from C:\WINDOWS\System32\KERNEL32.DLL
[0402/105239.988:ERROR:process_memory_win.cc(73)] ReadMemory at 0x7ff945920000 of 64 bytes failed: Only part of a ReadProcessMemory or WriteProcessMemory request was completed. (0x12B)
[0402/105239.988:WARNING:pe_image_reader.cc(340)] could not read dos header from C:\WINDOWS\System32\KERNELBASE.dll
[0402/105239.988:ERROR:process_memory_win.cc(73)] ReadMemory at 0x7ff90c7a0000 of 64 bytes failed: Only part of a ReadProcessMemory or WriteProcessMemory request was completed. (0x12B)
[0402/105239.988:WARNING:pe_image_reader.cc(340)] could not read dos header from C:\Program Files (x86)\Google\Chrome\Application\80.0.3987.149\chrome_elf.dll
[0402/105239.988:ERROR:process_memory_win.cc(73)] ReadMemory at 0x7ff9391a0000 of 64 bytes failed: Only part of a ReadProcessMemory or WriteProcessMemory request was completed. (0x12B)
[0402/105239.988:WARNING:pe_image_reader.cc(340)] could not read dos header from C:\WINDOWS\SYSTEM32\VERSION.dll
[0402/105239.988:ERROR:process_memory_win.cc(73)] ReadMemory at 0x7ff948570000 of 64 bytes failed: Only part of a ReadProcessMemory or WriteProcessMemory request was completed. (0x12B)
[0402/105239.988:WARNING:pe_image_reader.cc(340)] could not read dos header from C:\WINDOWS\System32\msvcrt.dll
[0402/105239.988:ERROR:process_memory_win.cc(73)] ReadMemory at 0x7ff9456d0000 of 64 bytes failed: Only part of a ReadProcessMemory or WriteProcessMemory request was completed. (0x12B)
[0402/105239.988:WARNING:pe_image_reader.cc(340)] could not read dos header from C:\WINDOWS\System32\bcryptPrimitives.dll
[0402/105239.988:ERROR:process_memory_win.cc(73)] ReadMemory at 0x1b566620000 of 64 bytes failed: Only part of a ReadProcessMemory or WriteProcessMemory request was completed. (0x12B)
[0402/105239.988:WARNING:pe_image_reader.cc(340)] could not read dos header from C:\WINDOWS\System32\ADVAPI32.dll
[0402/105239.988:ERROR:process_memory_win.cc(73)] ReadMemory at 0x7ff9471e0000 of 64 bytes failed: Only part of a ReadProcessMemory or WriteProcessMemory request was completed. (0x12B)
[0402/105239.988:WARNING:pe_image_reader.cc(340)] could not read dos header from C:\WINDOWS\System32\sechost.dll
[0402/105239.988:ERROR:process_memory_win.cc(73)] ReadMemory at 0x7ff948450000 of 64 bytes failed: Only part of a ReadProcessMemory or WriteProcessMemory request was completed. (0x12B)
[0402/105239.988:WARNING:pe_image_reader.cc(340)] could not read dos header from C:\WINDOWS\System32\RPCRT4.dll
[0402/105239.988:ERROR:process_memory_win.cc(73)] ReadMemory at 0x7ff904530000 of 64 bytes failed: Only part of a ReadProcessMemory or WriteProcessMemory request was completed. (0x12B)
[0402/105239.988:WARNING:pe_image_reader.cc(340)] could not read dos header from C:\Program Files (x86)\Google\Chrome\Application\80.0.3987.149\chrome.dll
[0402/105239.988:ERROR:process_memory_win.cc(73)] ReadMemory at 0x7ff946f00000 of 64 bytes failed: Only part of a ReadProcessMemory or WriteProcessMemory request was completed. (0x12B)
[0402/105239.988:WARNING:pe_image_reader.cc(340)] could not read dos header from C:\WINDOWS\System32\WS2_32.dll
[0402/105239.988:ERROR:process_memory_win.cc(73)] ReadMemory at 0x7ff9469c0000 of 64 bytes failed: Only part of a ReadProcessMemory or WriteProcessMemory request was completed. (0x12B)
[0402/105239.988:WARNING:pe_image_reader.cc(340)] could not read dos header from C:\WINDOWS\System32\OLEAUT32.dll
[0402/105239.988:ERROR:process_memory_win.cc(73)] ReadMemory at 0x7ff9464f0000 of 64 bytes failed: Only part of a ReadProcessMemory or WriteProcessMemory request was completed. (0x12B)
[0402/105239.988:WARNING:pe_image_reader.cc(340)] could not read dos header from C:\WINDOWS\System32\msvcp_win.dll
[0402/105239.988:ERROR:process_memory_win.cc(73)] ReadMemory at 0x7ff946610000 of 64 bytes failed: Only part of a ReadProcessMemory or WriteProcessMemory request was completed. (0x12B)
[0402/105239.988:WARNING:pe_image_reader.cc(340)] could not read dos header from C:\WINDOWS\System32\ucrtbase.dll
[0402/105239.988:ERROR:process_memory_win.cc(73)] ReadMemory at 0x7ff947280000 of 64 bytes failed: Only part of a ReadProcessMemory or WriteProcessMemory request was completed. (0x12B)
[0402/105239.988:WARNING:pe_image_reader.cc(340)] could not read dos header from C:\WINDOWS\System32\combase.dll
[0402/105239.988:ERROR:process_memory_win.cc(73)] ReadMemory at 0x7ff945750000 of 64 bytes failed: Only part of a ReadProcessMemory or WriteProcessMemory request was completed. (0x12B)
[0402/105239.988:WARNING:pe_image_reader.cc(340)] could not read dos header from C:\WINDOWS\System32\WINTRUST.dll
[0402/105239.988:ERROR:process_memory_win.cc(73)] ReadMemory at 0x7ff945530000 of 64 bytes failed: Only part of a ReadProcessMemory or WriteProcessMemory request was completed. (0x12B)
[0402/105239.988:WARNING:pe_image_reader.cc(340)] could not read dos header from C:\WINDOWS\System32\MSASN1.dll
[0402/105239.988:ERROR:process_memory_win.cc(73)] ReadMemory at 0x7ff9457b0000 of 64 bytes failed: Only part of a ReadProcessMemory or WriteProcessMemory request was completed. (0x12B)
[0402/105239.992:WARNING:pe_image_reader.cc(340)] could not read dos header from C:\WINDOWS\System32\CRYPT32.dll
[0402/105239.992:ERROR:process_memory_win.cc(73)] ReadMemory at 0x7ff944a40000 of 64 bytes failed: Only part of a ReadProcessMemory or WriteProcessMemory request was completed. (0x12B)
[0402/105239.992:WARNING:pe_image_reader.cc(340)] could not read dos header from C:\WINDOWS\SYSTEM32\IPHLPAPI.DLL
[0402/105239.992:ERROR:process_memory_win.cc(73)] ReadMemory at 0x7ff942f90000 of 64 bytes failed: Only part of a ReadProcessMemory or WriteProcessMemory request was completed. (0x12B)
[0402/105239.992:WARNING:pe_image_reader.cc(340)] could not read dos header from C:\WINDOWS\SYSTEM32\WINMM.dll
[0402/105239.992:ERROR:process_memory_win.cc(73)] ReadMemory at 0x7ff92ceb0000 of 64 bytes failed: Only part of a ReadProcessMemory or WriteProcessMemory request was completed. (0x12B)
[0402/105239.992:WARNING:pe_image_reader.cc(340)] could not read dos header from C:\WINDOWS\SYSTEM32\Secur32.dll
[0402/105239.992:ERROR:process_memory_win.cc(73)] ReadMemory at 0x7ff945440000 of 64 bytes failed: Only part of a ReadProcessMemory or WriteProcessMemory request was completed. (0x12B)
[0402/105239.992:WARNING:pe_image_reader.cc(340)] could not read dos header from C:\WINDOWS\SYSTEM32\USERENV.dll
[0402/105239.992:ERROR:process_memory_win.cc(73)] ReadMemory at 0x7ff9455c0000 of 64 bytes failed: Only part of a ReadProcessMemory or WriteProcessMemory request was completed. (0x12B)
[0402/105239.992:WARNING:pe_image_reader.cc(340)] could not read dos header from C:\WINDOWS\System32\profapi.dll
[0402/105239.992:ERROR:process_memory_win.cc(73)] ReadMemory at 0x7ff921800000 of 64 bytes failed: Only part of a ReadProcessMemory or WriteProcessMemory request was completed. (0x12B)
[0402/105239.992:WARNING:pe_image_reader.cc(340)] could not read dos header from C:\WINDOWS\SYSTEM32\UIAutomationCore.DLL
[0402/105239.992:ERROR:process_memory_win.cc(73)] ReadMemory at 0x7ff936050000 of 64 bytes failed: Only part of a ReadProcessMemory or WriteProcessMemory request was completed. (0x12B)
[0402/105239.992:WARNING:pe_image_reader.cc(340)] could not read dos header from C:\WINDOWS\SYSTEM32\DWrite.dll
[0402/105239.992:ERROR:process_memory_win.cc(73)] ReadMemory at 0x7ff92a360000 of 64 bytes failed: Only part of a ReadProcessMemory or WriteProcessMemory request was completed. (0x12B)
[0402/105239.992:WARNING:pe_image_reader.cc(340)] could not read dos header from C:\WINDOWS\SYSTEM32\WINSPOOL.DRV
[0402/105239.992:ERROR:process_memory_win.cc(73)] ReadMemory at 0x7ff9455a0000 of 64 bytes failed: Only part of a ReadProcessMemory or WriteProcessMemory request was completed. (0x12B)
[0402/105239.992:WARNING:pe_image_reader.cc(340)] could not read dos header from C:\WINDOWS\System32\kernel.appcore.dll
[0402/105239.992:ERROR:process_memory_win.cc(73)] ReadMemory at 0x7ff9455f0000 of 64 bytes failed: Only part of a ReadProcessMemory or WriteProcessMemory request was completed. (0x12B)
[0402/105239.992:WARNING:pe_image_reader.cc(340)] could not read dos header from C:\WINDOWS\System32\bcrypt.dll
[0402/105239.992:ERROR:process_memory_win.cc(73)] ReadMemory at 0x7ff943e60000 of 64 bytes failed: Only part of a ReadProcessMemory or WriteProcessMemory request was completed. (0x12B)
[0402/105239.992:WARNING:pe_image_reader.cc(340)] could not read dos header from C:\WINDOWS\SYSTEM32\dbghelp.dll
[0402/105239.992:ERROR:process_memory_win.cc(73)] ReadMemory at 0x7ff933180000 of 64 bytes failed: Only part of a ReadProcessMemory or WriteProcessMemory request was completed. (0x12B)
[0402/105239.992:WARNING:pe_image_reader.cc(340)] could not read dos header from C:\WINDOWS\SYSTEM32\WINHTTP.dll
[0402/105239.992:ERROR:process_memory_win.cc(73)] ReadMemory at 0x7ff938bf0000 of 64 bytes failed: Only part of a ReadProcessMemory or WriteProcessMemory request was completed. (0x12B)
[0402/105239.992:WARNING:pe_image_reader.cc(340)] could not read dos header from C:\WINDOWS\SYSTEM32\dhcpcsvc.DLL
[0402/105239.992:ERROR:process_memory_win.cc(73)] ReadMemory at 0x7ff946e20000 of 64 bytes failed: Only part of a ReadProcessMemory or WriteProcessMemory request was completed. (0x12B)
[0402/105239.992:WARNING:pe_image_reader.cc(340)] could not read dos header from C:\WINDOWS\System32\NSI.dll
[0402/105239.992:ERROR:process_memory_win.cc(73)] ReadMemory at 0x7ff942f60000 of 64 bytes failed: Only part of a ReadProcessMemory or WriteProcessMemory request was completed. (0x12B)
[0402/105239.992:WARNING:pe_image_reader.cc(340)] could not read dos header from C:\WINDOWS\SYSTEM32\WINMMBASE.dll
[0402/105239.992:ERROR:process_memory_win.cc(73)] ReadMemory at 0x7ff9465c0000 of 64 bytes failed: Only part of a ReadProcessMemory or WriteProcessMemory request was completed. (0x12B)
[0402/105239.992:WARNING:pe_image_reader.cc(340)] could not read dos header from C:\WINDOWS\System32\cfgmgr32.dll
[0402/105239.992:ERROR:process_memory_win.cc(73)] ReadMemory at 0x7ff943890000 of 64 bytes failed: Only part of a ReadProcessMemory or WriteProcessMemory request was completed. (0x12B)
[0402/105239.992:WARNING:pe_image_reader.cc(340)] could not read dos header from C:\WINDOWS\SYSTEM32\PROPSYS.dll
[0402/105239.992:ERROR:process_memory_win.cc(73)] ReadMemory at 0x7ff946710000 of 64 bytes failed: Only part of a ReadProcessMemory or WriteProcessMemory request was completed. (0x12B)
[0402/105239.992:WARNING:pe_image_reader.cc(340)] could not read dos header from C:\WINDOWS\System32\shcore.dll
[0402/105239.992:ERROR:process_memory_win.cc(73)] ReadMemory at 0x7ff945410000 of 64 bytes failed: Only part of a ReadProcessMemory or WriteProcessMemory request was completed. (0x12B)
[0402/105239.992:WARNING:pe_image_reader.cc(340)] could not read dos header from C:\WINDOWS\SYSTEM32\SSPICLI.DLL
[0402/105239.992:ERROR:process_memory_win.cc(73)] ReadMemory at 0x7ff944f00000 of 64 bytes failed: Only part of a ReadProcessMemory or WriteProcessMemory request was completed. (0x12B)
[0402/105239.992:WARNING:pe_image_reader.cc(340)] could not read dos header from C:\WINDOWS\SYSTEM32\CRYPTBASE.DLL
[0402/105239.992:ERROR:process_memory_win.cc(73)] ReadMemory at 0x7ff70c140000 of 64 bytes failed: Only part of a ReadProcessMemory or WriteProcessMemory request was completed. (0x12B)
[0402/105239.992:WARNING:pe_image_reader.cc(340)] could not read dos header from C:\Program Files (x86)\Google\Chrome\Application\chrome.exe
[0402/105239.992:ERROR:process_memory_win.cc(73)] ReadMemory at 0x7ff948660000 of 64 bytes failed: Only part of a ReadProcessMemory or WriteProcessMemory request was completed. (0x12B)
[0402/105239.992:WARNING:pe_image_reader.cc(340)] could not read dos header from C:\WINDOWS\SYSTEM32\ntdll.dll
[0402/105239.992:ERROR:process_memory_win.cc(73)] ReadMemory at 0x7ff9476d0000 of 64 bytes failed: Only part of a ReadProcessMemory or WriteProcessMemory request was completed. (0x12B)
[0402/105239.992:WARNING:pe_image_reader.cc(340)] could not read dos header from C:\WINDOWS\System32\KERNEL32.DLL
[0402/105239.992:ERROR:process_memory_win.cc(73)] ReadMemory at 0x7ff945920000 of 64 bytes failed: Only part of a ReadProcessMemory or WriteProcessMemory request was completed. (0x12B)
[0402/105239.992:WARNING:pe_image_reader.cc(340)] could not read dos header from C:\WINDOWS\System32\KERNELBASE.dll
[0402/105239.992:ERROR:process_memory_win.cc(73)] ReadMemory at 0x7ff90c7a0000 of 64 bytes failed: Only part of a ReadProcessMemory or WriteProcessMemory request was completed. (0x12B)
[0402/105239.992:WARNING:pe_image_reader.cc(340)] could not read dos header from C:\Program Files (x86)\Google\Chrome\Application\80.0.3987.149\chrome_elf.dll
[0402/105239.992:ERROR:process_memory_win.cc(73)] ReadMemory at 0x7ff9391a0000 of 64 bytes failed: Only part of a ReadProcessMemory or WriteProcessMemory request was completed. (0x12B)
[0402/105239.992:WARNING:pe_image_reader.cc(340)] could not read dos header from C:\WINDOWS\SYSTEM32\VERSION.dll
[0402/105239.992:ERROR:process_memory_win.cc(73)] ReadMemory at 0x7ff948570000 of 64 bytes failed: Only part of a ReadProcessMemory or WriteProcessMemory request was completed. (0x12B)
[0402/105239.992:WARNING:pe_image_reader.cc(340)] could not read dos header from C:\WINDOWS\System32\msvcrt.dll
[0402/105239.992:ERROR:process_memory_win.cc(73)] ReadMemory at 0x7ff9456d0000 of 64 bytes failed: Only part of a ReadProcessMemory or WriteProcessMemory request was completed. (0x12B)
[0402/105239.992:WARNING:pe_image_reader.cc(340)] could not read dos header from C:\WINDOWS\System32\bcryptPrimitives.dll
[0402/105239.992:ERROR:process_memory_win.cc(73)] ReadMemory at 0x1b566620000 of 64 bytes failed: Only part of a ReadProcessMemory or WriteProcessMemory request was completed. (0x12B)
[0402/105239.992:WARNING:pe_image_reader.cc(340)] could not read dos header from C:\WINDOWS\System32\ADVAPI32.dll
[0402/105239.992:ERROR:process_memory_win.cc(73)] ReadMemory at 0x7ff9471e0000 of 64 bytes failed: Only part of a ReadProcessMemory or WriteProcessMemory request was completed. (0x12B)
[0402/105239.992:WARNING:pe_image_reader.cc(340)] could not read dos header from C:\WINDOWS\System32\sechost.dll
[0402/105239.992:ERROR:process_memory_win.cc(73)] ReadMemory at 0x7ff948450000 of 64 bytes failed: Only part of a ReadProcessMemory or WriteProcessMemory request was completed. (0x12B)
[0402/105239.992:WARNING:pe_image_reader.cc(340)] could not read dos header from C:\WINDOWS\System32\RPCRT4.dll
[0402/105239.992:ERROR:process_memory_win.cc(73)] ReadMemory at 0x7ff904530000 of 64 bytes failed: Only part of a ReadProcessMemory or WriteProcessMemory request was completed. (0x12B)
[0402/105239.992:WARNING:pe_image_reader.cc(340)] could not read dos header from C:\Program Files (x86)\Google\Chrome\Application\80.0.3987.149\chrome.dll
[0402/105239.992:ERROR:process_memory_win.cc(73)] ReadMemory at 0x7ff946f00000 of 64 bytes failed: Only part of a ReadProcessMemory or WriteProcessMemory request was completed. (0x12B)
[0402/105239.992:WARNING:pe_image_reader.cc(340)] could not read dos header from C:\WINDOWS\System32\WS2_32.dll
[0402/105239.992:ERROR:process_memory_win.cc(73)] ReadMemory at 0x7ff9469c0000 of 64 bytes failed: Only part of a ReadProcessMemory or WriteProcessMemory request was completed. (0x12B)
[0402/105239.992:WARNING:pe_image_reader.cc(340)] could not read dos header from C:\WINDOWS\System32\OLEAUT32.dll
[0402/105239.992:ERROR:process_memory_win.cc(73)] ReadMemory at 0x7ff9464f0000 of 64 bytes failed: Only part of a ReadProcessMemory or WriteProcessMemory request was completed. (0x12B)
[0402/105239.992:WARNING:pe_image_reader.cc(340)] could not read dos header from C:\WINDOWS\System32\msvcp_win.dll
[0402/105239.992:ERROR:process_memory_win.cc(73)] ReadMemory at 0x7ff946610000 of 64 bytes failed: Only part of a ReadProcessMemory or WriteProcessMemory request was completed. (0x12B)
[0402/105239.992:WARNING:pe_image_reader.cc(340)] could not read dos header from C:\WINDOWS\System32\ucrtbase.dll
[0402/105239.992:ERROR:process_memory_win.cc(73)] ReadMemory at 0x7ff947280000 of 64 bytes failed: Only part of a ReadProcessMemory or WriteProcessMemory request was completed. (0x12B)
[0402/105239.992:WARNING:pe_image_reader.cc(340)] could not read dos header from C:\WINDOWS\System32\combase.dll
[0402/105239.992:ERROR:process_memory_win.cc(73)] ReadMemory at 0x7ff945750000 of 64 bytes failed: Only part of a ReadProcessMemory or WriteProcessMemory request was completed. (0x12B)
[0402/105239.992:WARNING:pe_image_reader.cc(340)] could not read dos header from C:\WINDOWS\System32\WINTRUST.dll
[0402/105239.992:ERROR:process_memory_win.cc(73)] ReadMemory at 0x7ff945530000 of 64 bytes failed: Only part of a ReadProcessMemory or WriteProcessMemory request was completed. (0x12B)
[0402/105239.992:WARNING:pe_image_reader.cc(340)] could not read dos header from C:\WINDOWS\System32\MSASN1.dll
[0402/105239.992:ERROR:process_memory_win.cc(73)] ReadMemory at 0x7ff9457b0000 of 64 bytes failed: Only part of a ReadProcessMemory or WriteProcessMemory request was completed. (0x12B)
[0402/105239.992:WARNING:pe_image_reader.cc(340)] could not read dos header from C:\WINDOWS\System32\CRYPT32.dll
[0402/105239.992:ERROR:process_memory_win.cc(73)] ReadMemory at 0x7ff944a40000 of 64 bytes failed: Only part of a ReadProcessMemory or WriteProcessMemory request was completed. (0x12B)
[0402/105239.992:WARNING:pe_image_reader.cc(340)] could not read dos header from C:\WINDOWS\SYSTEM32\IPHLPAPI.DLL
[0402/105239.992:ERROR:process_memory_win.cc(73)] ReadMemory at 0x7ff942f90000 of 64 bytes failed: Only part of a ReadProcessMemory or WriteProcessMemory request was completed. (0x12B)
[0402/105239.996:WARNING:pe_image_reader.cc(340)] could not read dos header from C:\WINDOWS\SYSTEM32\WINMM.dll
[0402/105239.996:ERROR:process_memory_win.cc(73)] ReadMemory at 0x7ff92ceb0000 of 64 bytes failed: Only part of a ReadProcessMemory or WriteProcessMemory request was completed. (0x12B)
[0402/105239.996:WARNING:pe_image_reader.cc(340)] could not read dos header from C:\WINDOWS\SYSTEM32\Secur32.dll
[0402/105239.996:ERROR:process_memory_win.cc(73)] ReadMemory at 0x7ff945440000 of 64 bytes failed: Only part of a ReadProcessMemory or WriteProcessMemory request was completed. (0x12B)
[0402/105239.996:WARNING:pe_image_reader.cc(340)] could not read dos header from C:\WINDOWS\SYSTEM32\USERENV.dll
[0402/105239.996:ERROR:process_memory_win.cc(73)] ReadMemory at 0x7ff9455c0000 of 64 bytes failed: Only part of a ReadProcessMemory or WriteProcessMemory request was completed. (0x12B)
[0402/105239.996:WARNING:pe_image_reader.cc(340)] could not read dos header from C:\WINDOWS\System32\profapi.dll
[0402/105239.996:ERROR:process_memory_win.cc(73)] ReadMemory at 0x7ff921800000 of 64 bytes failed: Only part of a ReadProcessMemory or WriteProcessMemory request was completed. (0x12B)
[0402/105239.996:WARNING:pe_image_reader.cc(340)] could not read dos header from C:\WINDOWS\SYSTEM32\UIAutomationCore.DLL
[0402/105239.996:ERROR:process_memory_win.cc(73)] ReadMemory at 0x7ff936050000 of 64 bytes failed: Only part of a ReadProcessMemory or WriteProcessMemory request was completed. (0x12B)
[0402/105239.996:WARNING:pe_image_reader.cc(340)] could not read dos header from C:\WINDOWS\SYSTEM32\DWrite.dll
[0402/105239.996:ERROR:process_memory_win.cc(73)] ReadMemory at 0x7ff92a360000 of 64 bytes failed: Only part of a ReadProcessMemory or WriteProcessMemory request was completed. (0x12B)
[0402/105239.996:WARNING:pe_image_reader.cc(340)] could not read dos header from C:\WINDOWS\SYSTEM32\WINSPOOL.DRV
[0402/105239.996:ERROR:process_memory_win.cc(73)] ReadMemory at 0x7ff9455a0000 of 64 bytes failed: Only part of a ReadProcessMemory or WriteProcessMemory request was completed. (0x12B)
[0402/105239.996:WARNING:pe_image_reader.cc(340)] could not read dos header from C:\WINDOWS\System32\kernel.appcore.dll
[0402/105239.996:ERROR:process_memory_win.cc(73)] ReadMemory at 0x7ff9455f0000 of 64 bytes failed: Only part of a ReadProcessMemory or WriteProcessMemory request was completed. (0x12B)
[0402/105239.996:WARNING:pe_image_reader.cc(340)] could not read dos header from C:\WINDOWS\System32\bcrypt.dll
[0402/105239.996:ERROR:process_memory_win.cc(73)] ReadMemory at 0x7ff943e60000 of 64 bytes failed: Only part of a ReadProcessMemory or WriteProcessMemory request was completed. (0x12B)
[0402/105239.996:WARNING:pe_image_reader.cc(340)] could not read dos header from C:\WINDOWS\SYSTEM32\dbghelp.dll
[0402/105239.996:ERROR:process_memory_win.cc(73)] ReadMemory at 0x7ff933180000 of 64 bytes failed: Only part of a ReadProcessMemory or WriteProcessMemory request was completed. (0x12B)
[0402/105239.996:WARNING:pe_image_reader.cc(340)] could not read dos header from C:\WINDOWS\SYSTEM32\WINHTTP.dll
[0402/105239.996:ERROR:process_memory_win.cc(73)] ReadMemory at 0x7ff938bf0000 of 64 bytes failed: Only part of a ReadProcessMemory or WriteProcessMemory request was completed. (0x12B)
[0402/105239.996:WARNING:pe_image_reader.cc(340)] could not read dos header from C:\WINDOWS\SYSTEM32\dhcpcsvc.DLL
[0402/105239.996:ERROR:process_memory_win.cc(73)] ReadMemory at 0x7ff946e20000 of 64 bytes failed: Only part of a ReadProcessMemory or WriteProcessMemory request was completed. (0x12B)
[0402/105239.996:WARNING:pe_image_reader.cc(340)] could not read dos header from C:\WINDOWS\System32\NSI.dll
[0402/105240.000:ERROR:process_memory_win.cc(73)] ReadMemory at 0x7ff942f60000 of 64 bytes failed: Only part of a ReadProcessMemory or WriteProcessMemory request was completed. (0x12B)
[0402/105240.000:WARNING:pe_image_reader.cc(340)] could not read dos header from C:\WINDOWS\SYSTEM32\WINMMBASE.dll
[0402/105240.000:ERROR:process_memory_win.cc(73)] ReadMemory at 0x7ff9465c0000 of 64 bytes failed: Only part of a ReadProcessMemory or WriteProcessMemory request was completed. (0x12B)
[0402/105240.000:WARNING:pe_image_reader.cc(340)] could not read dos header from C:\WINDOWS\System32\cfgmgr32.dll
[0402/105240.000:ERROR:process_memory_win.cc(73)] ReadMemory at 0x7ff943890000 of 64 bytes failed: Only part of a ReadProcessMemory or WriteProcessMemory request was completed. (0x12B)
[0402/105240.000:WARNING:pe_image_reader.cc(340)] could not read dos header from C:\WINDOWS\SYSTEM32\PROPSYS.dll
[0402/105240.000:ERROR:process_memory_win.cc(73)] ReadMemory at 0x7ff946710000 of 64 bytes failed: Only part of a ReadProcessMemory or WriteProcessMemory request was completed. (0x12B)
[0402/105240.000:WARNING:pe_image_reader.cc(340)] could not read dos header from C:\WINDOWS\System32\shcore.dll
[0402/105240.000:ERROR:process_memory_win.cc(73)] ReadMemory at 0x7ff945410000 of 64 bytes failed: Only part of a ReadProcessMemory or WriteProcessMemory request was completed. (0x12B)
[0402/105240.000:WARNING:pe_image_reader.cc(340)] could not read dos header from C:\WINDOWS\SYSTEM32\SSPICLI.DLL
[0402/105240.000:ERROR:process_memory_win.cc(73)] ReadMemory at 0x7ff944f00000 of 64 bytes failed: Only part of a ReadProcessMemory or WriteProcessMemory request was completed. (0x12B)
[0402/105240.000:WARNING:pe_image_reader.cc(340)] could not read dos header from C:\WINDOWS\SYSTEM32\CRYPTBASE.DLL
[0402/105240.012:ERROR:process_memory_win.cc(73)] ReadMemory at 0x17f93f8000 of 32768 bytes failed: Only part of a ReadProcessMemory or WriteProcessMemory request was completed. (0x12B)
[0402/105240.016:ERROR:process_memory_win.cc(73)] ReadMemory at 0x17f9bfd000 of 12288 bytes failed: Only part of a ReadProcessMemory or WriteProcessMemory request was completed. (0x12B)
[0402/105240.016:ERROR:process_memory_win.cc(73)] ReadMemory at 0x17fa3fc000 of 16384 bytes failed: Only part of a ReadProcessMemory or WriteProcessMemory request was completed. (0x12B)
[0402/105240.016:ERROR:process_memory_win.cc(73)] ReadMemory at 0x17fabfc000 of 16384 bytes failed: Only part of a ReadProcessMemory or WriteProcessMemory request was completed. (0x12B)
[0402/105240.016:ERROR:process_memory_win.cc(73)] ReadMemory at 0x17fb3fc000 of 16384 bytes failed: Only part of a ReadProcessMemory or WriteProcessMemory request was completed. (0x12B)
[0402/105240.016:ERROR:process_memory_win.cc(73)] ReadMemory at 0x17fbbff000 of 4096 bytes failed: Only part of a ReadProcessMemory or WriteProcessMemory request was completed. (0x12B)
[0402/105240.016:ERROR:process_memory_win.cc(73)] ReadMemory at 0x17fc3fd000 of 12288 bytes failed: Only part of a ReadProcessMemory or WriteProcessMemory request was completed. (0x12B)
[0402/105240.016:ERROR:process_memory_win.cc(73)] ReadMemory at 0x17fcbfb000 of 20480 bytes failed: Only part of a ReadProcessMemory or WriteProcessMemory request was completed. (0x12B)
[0402/105240.016:ERROR:process_memory_win.cc(73)] ReadMemory at 0x17fd3fd000 of 12288 bytes failed: Only part of a ReadProcessMemory or WriteProcessMemory request was completed. (0x12B)
[0402/105240.016:ERROR:process_memory_win.cc(73)] ReadMemory at 0x17fdbfd000 of 12288 bytes failed: Only part of a ReadProcessMemory or WriteProcessMemory request was completed. (0x12B)
[0402/105240.016:ERROR:process_memory_win.cc(73)] ReadMemory at 0x17fe3fd000 of 12288 bytes failed: Only part of a ReadProcessMemory or WriteProcessMemory request was completed. (0x12B)
[0402/105240.016:ERROR:process_memory_win.cc(73)] ReadMemory at 0x17febfd000 of 12288 bytes failed: Only part of a ReadProcessMemory or WriteProcessMemory request was completed. (0x12B)
[0402/105240.016:ERROR:process_memory_win.cc(73)] ReadMemory at 0x17ff3fc000 of 16384 bytes failed: Only part of a ReadProcessMemory or WriteProcessMemory request was completed. (0x12B)
[0402/105240.016:ERROR:process_memory_win.cc(73)] ReadMemory at 0x17f8b59000 of 852 bytes failed: Only part of a ReadProcessMemory or WriteProcessMemory request was completed. (0x12B)
[0402/105240.016:ERROR:process_memory_win.cc(73)] ReadMemory at 0x17f8b5a000 of 6024 bytes failed: Only part of a ReadProcessMemory or WriteProcessMemory request was completed. (0x12B)
[0402/105240.016:ERROR:process_memory_win.cc(73)] ReadMemory at 0x17f8b5c000 of 6024 bytes failed: Only part of a ReadProcessMemory or WriteProcessMemory request was completed. (0x12B)
[0402/105240.016:ERROR:process_memory_win.cc(73)] ReadMemory at 0x17f8b5e000 of 6024 bytes failed: Only part of a ReadProcessMemory or WriteProcessMemory request was completed. (0x12B)
[0402/105240.016:ERROR:process_memory_win.cc(73)] ReadMemory at 0x17f8b60000 of 6024 bytes failed: Only part of a ReadProcessMemory or WriteProcessMemory request was completed. (0x12B)
[0402/105240.016:ERROR:process_memory_win.cc(73)] ReadMemory at 0x17f8b62000 of 6024 bytes failed: Only part of a ReadProcessMemory or WriteProcessMemory request was completed. (0x12B)
[0402/105240.016:ERROR:process_memory_win.cc(73)] ReadMemory at 0x17f8b64000 of 6024 bytes failed: Only part of a ReadProcessMemory or WriteProcessMemory request was completed. (0x12B)
[0402/105240.019:ERROR:process_memory_win.cc(73)] ReadMemory at 0x17f8b66000 of 6024 bytes failed: Only part of a ReadProcessMemory or WriteProcessMemory request was completed. (0x12B)
[0402/105240.019:ERROR:process_memory_win.cc(73)] ReadMemory at 0x17f8b68000 of 6024 bytes failed: Only part of a ReadProcessMemory or WriteProcessMemory request was completed. (0x12B)
[0402/105240.019:ERROR:process_memory_win.cc(73)] ReadMemory at 0x17f8b6a000 of 6024 bytes failed: Only part of a ReadProcessMemory or WriteProcessMemory request was completed. (0x12B)
[0402/105240.019:ERROR:process_memory_win.cc(73)] ReadMemory at 0x17f8b6c000 of 6024 bytes failed: Only part of a ReadProcessMemory or WriteProcessMemory request was completed. (0x12B)
[0402/105240.019:ERROR:process_memory_win.cc(73)] ReadMemory at 0x17f8b6e000 of 6024 bytes failed: Only part of a ReadProcessMemory or WriteProcessMemory request was completed. (0x12B)
[0402/105240.019:ERROR:process_memory_win.cc(73)] ReadMemory at 0x17f8b72000 of 6024 bytes failed: Only part of a ReadProcessMemory or WriteProcessMemory request was completed. (0x12B)
[0402/105240.019:ERROR:process_memory_win.cc(73)] ReadMemory at 0x17f8b74000 of 6024 bytes failed: Only part of a ReadProcessMemory or WriteProcessMemory request was completed. (0x12B)
[0402/105240.019:ERROR:process_memory_win.cc(73)] ReadMemory at 0x1b5664b0d60 of 896 bytes failed: Only part of a ReadProcessMemory or WriteProcessMemory request was completed. (0x12B)
[0402/105240.019:ERROR:process_memory_win.cc(73)] ReadMemory at 0x1b5664c0fe0 of 3620 bytes failed: Only part of a ReadProcessMemory or WriteProcessMemory request was completed. (0x12B)
[0402/105240.019:ERROR:process_memory_win.cc(73)] ReadMemory at 0x1b5664c1e10 of 1012 bytes failed: Only part of a ReadProcessMemory or WriteProcessMemory request was completed. (0x12B)
[0402/105240.019:ERROR:process_memory_win.cc(73)] ReadMemory at 0x1b5664c2458 of 118 bytes failed: Only part of a ReadProcessMemory or WriteProcessMemory request was completed. (0x12B)
[0402/105240.019:ERROR:process_memory_win.cc(73)] ReadMemory at 0x1b5664c24d0 of 686 bytes failed: Only part of a ReadProcessMemory or WriteProcessMemory request was completed. (0x12B)
[0402/105240.019:ERROR:process_memory_win.cc(73)] ReadMemory at 0x1b5664c2780 of 118 bytes failed: Only part of a ReadProcessMemory or WriteProcessMemory request was completed. (0x12B)
[0402/105240.019:ERROR:process_memory_win.cc(73)] ReadMemory at 0x1b5664c27f8 of 94 bytes failed: Only part of a ReadProcessMemory or WriteProcessMemory request was completed. (0x12B)
[0402/105240.019:ERROR:process_memory_win.cc(73)] ReadMemory at 0x1b5664c2870 of 58 bytes failed: Only part of a ReadProcessMemory or WriteProcessMemory request was completed. (0x12B)
[0402/105240.019:ERROR:process_memory_win.cc(73)] ReadMemory at 0x1b5664c2970 of 132 bytes failed: Only part of a ReadProcessMemory or WriteProcessMemory request was completed. (0x12B)
[0402/105240.019:ERROR:process_memory_win.cc(73)] ReadMemory at 0x1b5664c2b00 of 132 bytes failed: Only part of a ReadProcessMemory or WriteProcessMemory request was completed. (0x12B)
[0402/105240.019:ERROR:process_memory_win.cc(73)] ReadMemory at 0x1b5664c2cc0 of 126 bytes failed: Only part of a ReadProcessMemory or WriteProcessMemory request was completed. (0x12B)
[0402/105240.019:ERROR:process_memory_win.cc(73)] ReadMemory at 0x1b5664c30a0 of 132 bytes failed: Only part of a ReadProcessMemory or WriteProcessMemory request was completed. (0x12B)
[0402/105240.019:ERROR:process_memory_win.cc(73)] ReadMemory at 0x1b5664c3230 of 64 bytes failed: Only part of a ReadProcessMemory or WriteProcessMemory request was completed. (0x12B)
[0402/105240.023:ERROR:process_memory_win.cc(73)] ReadMemory at 0x1b5664c3280 of 132 bytes failed: Only part of a ReadProcessMemory or WriteProcessMemory request was completed. (0x12B)
[0402/105240.023:ERROR:process_memory_win.cc(73)] ReadMemory at 0x1b5664c33f0 of 132 bytes failed: Only part of a ReadProcessMemory or WriteProcessMemory request was completed. (0x12B)
[0402/105240.023:ERROR:process_memory_win.cc(73)] ReadMemory at 0x1b5664c3690 of 132 bytes failed: Only part of a ReadProcessMemory or WriteProcessMemory request was completed. (0x12B)
[0402/105240.023:ERROR:process_memory_win.cc(73)] ReadMemory at 0x1b5664c3820 of 68 bytes failed: Only part of a ReadProcessMemory or WriteProcessMemory request was completed. (0x12B)
[0402/105240.023:ERROR:process_memory_win.cc(73)] ReadMemory at 0x1b5664c47e0 of 146 bytes failed: Only part of a ReadProcessMemory or WriteProcessMemory request was completed. (0x12B)
[0402/105240.023:ERROR:process_memory_win.cc(73)] ReadMemory at 0x1b5664c48c0 of 132 bytes failed: Only part of a ReadProcessMemory or WriteProcessMemory request was completed. (0x12B)
[0402/105240.023:ERROR:process_memory_win.cc(73)] ReadMemory at 0x1b5664c4a50 of 154 bytes failed: Only part of a ReadProcessMemory or WriteProcessMemory request was completed. (0x12B)
[0402/105240.023:ERROR:process_memory_win.cc(73)] ReadMemory at 0x1b5664c59e0 of 60 bytes failed: Only part of a ReadProcessMemory or WriteProcessMemory request was completed. (0x12B)
[0402/105240.023:ERROR:process_memory_win.cc(73)] ReadMemory at 0x1b5664c5f10 of 62 bytes failed: Only part of a ReadProcessMemory or WriteProcessMemory request was completed. (0x12B)
[0402/105240.023:ERROR:process_memory_win.cc(73)] ReadMemory at 0x1b5664c5f60 of 132 bytes failed: Only part of a ReadProcessMemory or WriteProcessMemory request was completed. (0x12B)
[0402/105240.023:ERROR:process_memory_win.cc(73)] ReadMemory at 0x1b5664c8b90 of 132 bytes failed: Only part of a ReadProcessMemory or WriteProcessMemory request was completed. (0x12B)
[0402/105240.023:ERROR:process_memory_win.cc(73)] ReadMemory at 0x1b5664c9730 of 132 bytes failed: Only part of a ReadProcessMemory or WriteProcessMemory request was completed. (0x12B)
[0402/105240.023:ERROR:process_memory_win.cc(73)] ReadMemory at 0x1b5664c9e20 of 132 bytes failed: Only part of a ReadProcessMemory or WriteProcessMemory request was completed. (0x12B)
[0402/105240.023:ERROR:process_memory_win.cc(73)] ReadMemory at 0x1b5664c9fb0 of 80 bytes failed: Only part of a ReadProcessMemory or WriteProcessMemory request was completed. (0x12B)
[0402/105240.023:ERROR:process_memory_win.cc(73)] ReadMemory at 0x1b5664ca300 of 66 bytes failed: Only part of a ReadProcessMemory or WriteProcessMemory request was completed. (0x12B)
[0402/105240.023:ERROR:process_memory_win.cc(73)] ReadMemory at 0x1b5664ca3a0 of 64 bytes failed: Only part of a ReadProcessMemory or WriteProcessMemory request was completed. (0x12B)
[0402/105240.023:ERROR:process_memory_win.cc(73)] ReadMemory at 0x1b5664ca440 of 62 bytes failed: Only part of a ReadProcessMemory or WriteProcessMemory request was completed. (0x12B)
[0402/105240.023:ERROR:process_memory_win.cc(73)] ReadMemory at 0x1b5664ca580 of 64 bytes failed: Only part of a ReadProcessMemory or WriteProcessMemory request was completed. (0x12B)
[0402/105240.023:ERROR:process_memory_win.cc(73)] ReadMemory at 0x1b5664ca5d0 of 62 bytes failed: Only part of a ReadProcessMemory or WriteProcessMemory request was completed. (0x12B)
[0402/105240.023:ERROR:process_memory_win.cc(73)] ReadMemory at 0x1b5664ca620 of 64 bytes failed: Only part of a ReadProcessMemory or WriteProcessMemory request was completed. (0x12B)
[0402/105240.023:ERROR:process_memory_win.cc(73)] ReadMemory at 0x1b5664ca670 of 64 bytes failed: Only part of a ReadProcessMemory or WriteProcessMemory request was completed. (0x12B)
[0402/105240.023:ERROR:process_memory_win.cc(73)] ReadMemory at 0x1b5664ca6c0 of 60 bytes failed: Only part of a ReadProcessMemory or WriteProcessMemory request was completed. (0x12B)
[0402/105240.023:ERROR:process_memory_win.cc(73)] ReadMemory at 0x1b5664ca760 of 60 bytes failed: Only part of a ReadProcessMemory or WriteProcessMemory request was completed. (0x12B)
[0402/105240.023:ERROR:process_memory_win.cc(73)] ReadMemory at 0x1b5664cabe0 of 80 bytes failed: Only part of a ReadProcessMemory or WriteProcessMemory request was completed. (0x12B)
[0402/105240.023:ERROR:process_memory_win.cc(73)] ReadMemory at 0x1b5664cb240 of 76 bytes failed: Only part of a ReadProcessMemory or WriteProcessMemory request was completed. (0x12B)
[0402/105240.023:ERROR:process_memory_win.cc(73)] ReadMemory at 0x1b5664cdc80 of 132 bytes failed: Only part of a ReadProcessMemory or WriteProcessMemory request was completed. (0x12B)
[0402/105240.023:ERROR:process_memory_win.cc(73)] ReadMemory at 0x1b5664cddb0 of 132 bytes failed: Only part of a ReadProcessMemory or WriteProcessMemory request was completed. (0x12B)
[0402/105240.023:ERROR:process_memory_win.cc(73)] ReadMemory at 0x1b5664cf2c0 of 54 bytes failed: Only part of a ReadProcessMemory or WriteProcessMemory request was completed. (0x12B)
[0402/105240.023:ERROR:process_memory_win.cc(73)] ReadMemory at 0x1b5664d01a0 of 132 bytes failed: Only part of a ReadProcessMemory or WriteProcessMemory request was completed. (0x12B)
[0402/105240.023:ERROR:process_memory_win.cc(73)] ReadMemory at 0x1b5664d1c00 of 132 bytes failed: Only part of a ReadProcessMemory or WriteProcessMemory request was completed. (0x12B)
[0402/105240.023:ERROR:process_memory_win.cc(73)] ReadMemory at 0x1b5664d1e20 of 132 bytes failed: Only part of a ReadProcessMemory or WriteProcessMemory request was completed. (0x12B)
[0402/105240.023:ERROR:process_memory_win.cc(73)] ReadMemory at 0x1b5664d39d0 of 132 bytes failed: Only part of a ReadProcessMemory or WriteProcessMemory request was completed. (0x12B)
[0402/105240.023:ERROR:process_memory_win.cc(73)] ReadMemory at 0x1b5664d3b00 of 132 bytes failed: Only part of a ReadProcessMemory or WriteProcessMemory request was completed. (0x12B)
[0402/105240.023:ERROR:process_memory_win.cc(73)] ReadMemory at 0x1b5664d3c30 of 132 bytes failed: Only part of a ReadProcessMemory or WriteProcessMemory request was completed. (0x12B)
[0402/105240.023:ERROR:process_memory_win.cc(73)] ReadMemory at 0x1b5664d3d60 of 132 bytes failed: Only part of a ReadProcessMemory or WriteProcessMemory request was completed. (0x12B)
[0402/105240.023:ERROR:process_memory_win.cc(73)] ReadMemory at 0x1b5664d3e90 of 132 bytes failed: Only part of a ReadProcessMemory or WriteProcessMemory request was completed. (0x12B)
[0402/105240.023:ERROR:process_memory_win.cc(73)] ReadMemory at 0x1b5664d40f0 of 132 bytes failed: Only part of a ReadProcessMemory or WriteProcessMemory request was completed. (0x12B)
[0402/105240.023:ERROR:process_memory_win.cc(73)] ReadMemory at 0x1b5664d4220 of 132 bytes failed: Only part of a ReadProcessMemory or WriteProcessMemory request was completed. (0x12B)
[0402/105240.023:ERROR:process_memory_win.cc(73)] ReadMemory at 0x1b5664d4350 of 132 bytes failed: Only part of a ReadProcessMemory or WriteProcessMemory request was completed. (0x12B)
[0402/105240.023:ERROR:process_memory_win.cc(73)] ReadMemory at 0x1b5664d4480 of 132 bytes failed: Only part of a ReadProcessMemory or WriteProcessMemory request was completed. (0x12B)
[0402/105240.023:ERROR:process_memory_win.cc(73)] ReadMemory at 0x1b5664d45b0 of 132 bytes failed: Only part of a ReadProcessMemory or WriteProcessMemory request was completed. (0x12B)
[0402/105240.023:ERROR:process_memory_win.cc(73)] ReadMemory at 0x1b5664d46e0 of 132 bytes failed: Only part of a ReadProcessMemory or WriteProcessMemory request was completed. (0x12B)
[0402/105240.023:ERROR:process_memory_win.cc(73)] ReadMemory at 0x1b5664d4810 of 132 bytes failed: Only part of a ReadProcessMemory or WriteProcessMemory request was completed. (0x12B)
[0402/105240.027:ERROR:process_memory_win.cc(73)] ReadMemory at 0x1b5664d4dc0 of 60 bytes failed: Only part of a ReadProcessMemory or WriteProcessMemory request was completed. (0x12B)
[0402/105240.027:ERROR:process_memory_win.cc(73)] ReadMemory at 0x1b5664d4e10 of 62 bytes failed: Only part of a ReadProcessMemory or WriteProcessMemory request was completed. (0x12B)
[0402/105240.027:ERROR:process_memory_win.cc(73)] ReadMemory at 0x1b5664d4e60 of 62 bytes failed: Only part of a ReadProcessMemory or WriteProcessMemory request was completed. (0x12B)
[0402/105240.027:ERROR:process_memory_win.cc(73)] ReadMemory at 0x1b5664d4eb0 of 60 bytes failed: Only part of a ReadProcessMemory or WriteProcessMemory request was completed. (0x12B)
[0402/105240.027:ERROR:process_memory_win.cc(73)] ReadMemory at 0x1b5664d4f00 of 64 bytes failed: Only part of a ReadProcessMemory or WriteProcessMemory request was completed. (0x12B)
[0402/105240.027:ERROR:process_memory_win.cc(73)] ReadMemory at 0x1b5664d5220 of 66 bytes failed: Only part of a ReadProcessMemory or WriteProcessMemory request was completed. (0x12B)
[0402/105240.027:ERROR:process_memory_win.cc(73)] ReadMemory at 0x1b5664d52c0 of 62 bytes failed: Only part of a ReadProcessMemory or WriteProcessMemory request was completed. (0x12B)
[0402/105240.027:ERROR:process_memory_win.cc(73)] ReadMemory at 0x1b5664d54f0 of 58 bytes failed: Only part of a ReadProcessMemory or WriteProcessMemory request was completed. (0x12B)
[0402/105240.027:ERROR:process_memory_win.cc(73)] ReadMemory at 0x1b5664d5590 of 62 bytes failed: Only part of a ReadProcessMemory or WriteProcessMemory request was completed. (0x12B)
[0402/105240.027:ERROR:process_memory_win.cc(73)] ReadMemory at 0x1b5664d55e0 of 64 bytes failed: Only part of a ReadProcessMemory or WriteProcessMemory request was completed. (0x12B)
[0402/105240.027:ERROR:process_memory_win.cc(73)] ReadMemory at 0x1b5664d5630 of 62 bytes failed: Only part of a ReadProcessMemory or WriteProcessMemory request was completed. (0x12B)
[0402/105240.027:ERROR:process_memory_win.cc(73)] ReadMemory at 0x1b5664d5680 of 62 bytes failed: Only part of a ReadProcessMemory or WriteProcessMemory request was completed. (0x12B)
[0402/105240.027:ERROR:process_memory_win.cc(73)] ReadMemory at 0x1b5664d5860 of 60 bytes failed: Only part of a ReadProcessMemory or WriteProcessMemory request was completed. (0x12B)
[0402/105240.027:ERROR:process_memory_win.cc(73)] ReadMemory at 0x1b5664d58b0 of 64 bytes failed: Only part of a ReadProcessMemory or WriteProcessMemory request was completed. (0x12B)
[0402/105240.027:ERROR:process_memory_win.cc(73)] ReadMemory at 0x1b5664d59a0 of 64 bytes failed: Only part of a ReadProcessMemory or WriteProcessMemory request was completed. (0x12B)
[0402/105240.027:ERROR:process_memory_win.cc(73)] ReadMemory at 0x1b5664d5bd0 of 62 bytes failed: Only part of a ReadProcessMemory or WriteProcessMemory request was completed. (0x12B)
[0402/105240.027:ERROR:process_memory_win.cc(73)] ReadMemory at 0x1b5664d5c70 of 60 bytes failed: Only part of a ReadProcessMemory or WriteProcessMemory request was completed. (0x12B)
[0402/105240.027:ERROR:process_memory_win.cc(73)] ReadMemory at 0x1b5664d5cc0 of 62 bytes failed: Only part of a ReadProcessMemory or WriteProcessMemory request was completed. (0x12B)
[0402/105240.027:ERROR:process_memory_win.cc(73)] ReadMemory at 0x1b5664d5fe0 of 132 bytes failed: Only part of a ReadProcessMemory or WriteProcessMemory request was completed. (0x12B)
[0402/105240.031:ERROR:process_memory_win.cc(73)] ReadMemory at 0x1b5664d6110 of 132 bytes failed: Only part of a ReadProcessMemory or WriteProcessMemory request was completed. (0x12B)
[0402/105240.031:ERROR:process_memory_win.cc(73)] ReadMemory at 0x1b5664d65d0 of 132 bytes failed: Only part of a ReadProcessMemory or WriteProcessMemory request was completed. (0x12B)
[0402/105240.031:ERROR:process_memory_win.cc(73)] ReadMemory at 0x1b5664d6700 of 132 bytes failed: Only part of a ReadProcessMemory or WriteProcessMemory request was completed. (0x12B)
[0402/105240.031:ERROR:process_memory_win.cc(73)] ReadMemory at 0x1b5664d6830 of 132 bytes failed: Only part of a ReadProcessMemory or WriteProcessMemory request was completed. (0x12B)
[0402/105240.031:ERROR:process_memory_win.cc(73)] ReadMemory at 0x1b5664d6960 of 132 bytes failed: Only part of a ReadProcessMemory or WriteProcessMemory request was completed. (0x12B)
[0402/105240.031:ERROR:process_memory_win.cc(73)] ReadMemory at 0x1b5664d6a90 of 132 bytes failed: Only part of a ReadProcessMemory or WriteProcessMemory request was completed. (0x12B)
[0402/105240.031:ERROR:process_memory_win.cc(73)] ReadMemory at 0x1b5664d7410 of 132 bytes failed: Only part of a ReadProcessMemory or WriteProcessMemory request was completed. (0x12B)
[0402/105240.035:ERROR:process_memory_win.cc(73)] ReadMemory at 0x1b5664d7540 of 132 bytes failed: Only part of a ReadProcessMemory or WriteProcessMemory request was completed. (0x12B)
[0402/105240.035:ERROR:process_memory_win.cc(73)] ReadMemory at 0x1b5664d7670 of 132 bytes failed: Only part of a ReadProcessMemory or WriteProcessMemory request was completed. (0x12B)
[0402/105240.035:ERROR:process_memory_win.cc(73)] ReadMemory at 0x1b5664d7a00 of 132 bytes failed: Only part of a ReadProcessMemory or WriteProcessMemory request was completed. (0x12B)
[0402/105240.035:ERROR:process_memory_win.cc(73)] ReadMemory at 0x1b5664da310 of 512 bytes failed: Only part of a ReadProcessMemory or WriteProcessMemory request was completed. (0x12B)
[0402/105240.035:ERROR:process_memory_win.cc(73)] ReadMemory at 0x1b5664efc00 of 512 bytes failed: Only part of a ReadProcessMemory or WriteProcessMemory request was completed. (0x12B)
[0402/105240.035:ERROR:process_memory_win.cc(73)] ReadMemory at 0x1b5664eff50 of 512 bytes failed: Only part of a ReadProcessMemory or WriteProcessMemory request was completed. (0x12B)
[0402/105240.035:ERROR:process_memory_win.cc(73)] ReadMemory at 0x1b566774970 of 608 bytes failed: Only part of a ReadProcessMemory or WriteProcessMemory request was completed. (0x12B)
[0402/105240.035:ERROR:process_memory_win.cc(73)] ReadMemory at 0x1b566780190 of 512 bytes failed: Only part of a ReadProcessMemory or WriteProcessMemory request was completed. (0x12B)
[0402/105240.035:ERROR:process_memory_win.cc(73)] ReadMemory at 0x1b566781d48 of 512 bytes failed: Only part of a ReadProcessMemory or WriteProcessMemory request was completed. (0x12B)
[0402/105240.035:ERROR:process_memory_win.cc(73)] ReadMemory at 0x1b56678e8f0 of 1024 bytes failed: Only part of a ReadProcessMemory or WriteProcessMemory request was completed. (0x12B)
[0402/105240.035:ERROR:process_memory_win.cc(73)] ReadMemory at 0x1b566838510 of 512 bytes failed: Only part of a ReadProcessMemory or WriteProcessMemory request was completed. (0x12B)
[0402/105240.035:ERROR:process_memory_win.cc(73)] ReadMemory at 0x1b56683d4a0 of 512 bytes failed: Only part of a ReadProcessMemory or WriteProcessMemory request was completed. (0x12B)
[0402/105240.035:ERROR:process_memory_win.cc(73)] ReadMemory at 0x1b5685e0000 of 384 bytes failed: Only part of a ReadProcessMemory or WriteProcessMemory request was completed. (0x12B)
[0402/105240.035:ERROR:process_memory_win.cc(73)] ReadMemory at 0x1b568600508 of 512 bytes failed: Only part of a ReadProcessMemory or WriteProcessMemory request was completed. (0x12B)
[0402/105240.035:ERROR:process_memory_win.cc(73)] ReadMemory at 0x1b5686011f8 of 512 bytes failed: Only part of a ReadProcessMemory or WriteProcessMemory request was completed. (0x12B)
[0402/105240.035:ERROR:process_memory_win.cc(73)] ReadMemory at 0x1b56875cd50 of 512 bytes failed: Only part of a ReadProcessMemory or WriteProcessMemory request was completed. (0x12B)
[0402/105240.035:ERROR:process_memory_win.cc(73)] ReadMemory at 0x1b5687675e8 of 512 bytes failed: Only part of a ReadProcessMemory or WriteProcessMemory request was completed. (0x12B)
[0402/105240.035:ERROR:process_memory_win.cc(73)] ReadMemory at 0x1b5687a5928 of 512 bytes failed: Only part of a ReadProcessMemory or WriteProcessMemory request was completed. (0x12B)
[0402/105240.035:ERROR:process_memory_win.cc(73)] ReadMemory at 0x1b5687cce90 of 512 bytes failed: Only part of a ReadProcessMemory or WriteProcessMemory request was completed. (0x12B)
[0402/105240.035:ERROR:process_memory_win.cc(73)] ReadMemory at 0x371cac524b50 of 512 bytes failed: Only part of a ReadProcessMemory or WriteProcessMemory request was completed. (0x12B)
[0402/105240.035:ERROR:process_memory_win.cc(73)] ReadMemory at 0x7ff906ae054c of 512 bytes failed: Only part of a ReadProcessMemory or WriteProcessMemory request was completed. (0x12B)
[0402/105240.035:ERROR:process_memory_win.cc(73)] ReadMemory at 0x7ff907873d1b of 512 bytes failed: Only part of a ReadProcessMemory or WriteProcessMemory request was completed. (0x12B)
[0402/105240.035:ERROR:process_memory_win.cc(73)] ReadMemory at 0x7ff90b8e2528 of 512 bytes failed: Only part of a ReadProcessMemory or WriteProcessMemory request was completed. (0x12B)
[0402/105240.035:ERROR:process_memory_win.cc(73)] ReadMemory at 0x7ff90b946d48 of 512 bytes failed: Only part of a ReadProcessMemory or WriteProcessMemory request was completed. (0x12B)
[0402/105240.035:ERROR:process_memory_win.cc(73)] ReadMemory at 0x7ff945b8b720 of 512 bytes failed: Only part of a ReadProcessMemory or WriteProcessMemory request was completed. (0x12B)
[0402/105240.035:ERROR:process_memory_win.cc(73)] ReadMemory at 0x7ff9486fc0c4 of 672 bytes failed: Only part of a ReadProcessMemory or WriteProcessMemory request was completed. (0x12B)
[0402/105240.039:ERROR:process_memory_win.cc(73)] ReadMemory at 0x7ff9486fc6c4 of 512 bytes failed: Only part of a ReadProcessMemory or WriteProcessMemory request was completed. (0x12B)
[0402/105240.039:ERROR:process_memory_win.cc(73)] ReadMemory at 0x7ff9486ff974 of 608 bytes failed: Only part of a ReadProcessMemory or WriteProcessMemory request was completed. (0x12B)
[0402/105240.039:ERROR:process_memory_win.cc(73)] ReadMemory at 0x7ff94878c428 of 18 bytes failed: Only part of a ReadProcessMemory or WriteProcessMemory request was completed. (0x12B)
[0402/105240.039:ERROR:process_memory_win.cc(73)] ReadMemory at 0x7ff9487bf4f8 of 40 bytes failed: Only part of a ReadProcessMemory or WriteProcessMemory request was completed. (0x12B)
[0402/105240.039:ERROR:process_memory_win.cc(73)] ReadMemory at 0x7ff9487bf978 of 48 bytes failed: Only part of a ReadProcessMemory or WriteProcessMemory request was completed. (0x12B)
[0402/105240.039:ERROR:process_memory_win.cc(73)] ReadMemory at 0x7ff9487c53c0 of 64 bytes failed: Only part of a ReadProcessMemory or WriteProcessMemory request was completed. (0x12B)
[0402/105240.063:ERROR:scoped_process_suspend.cc(40)] NtResumeProcess: An attempt was made to access an exiting process. (0xc000010a)
